<?xml version="1.0" encoding="UTF-8"?>
<testsuite name="RffcGymStockTest" tests="3" skipped="0" failures="0" errors="0" timestamp="2023-04-18T19:54:32" hostname="thoma-HP-EliteBook-840-G3" time="0.003">
  <properties/>
  <testcase name="getId_true" classname="RffcGymStockTest" time="0.002"/>
  <testcase name="getStock_quantity_true" classname="RffcGymStockTest" time="0.0"/>
  <testcase name="getName_true" classname="RffcGymStockTest" time="0.0"/>
  <system-out><![CDATA[]]></system-out>
  <system-err><![CDATA[]]></system-err>
</testsuite>
